2017-08-29 11:07:17.998  INFO 12992 --- [restartedMain] c.e.demo.BootThymeleafDemoApplication    : Starting BootThymeleafDemoApplication on AGOE2345-311759 with PID 12992 (E:\IDEA_PROJECT\boot_thymeleaf_demo\build\classes\main started by Administrator in E:\IDEA_PROJECT\boot_thymeleaf_demo)
2017-08-29 11:07:18.001  INFO 12992 --- [restartedMain] c.e.demo.BootThymeleafDemoApplication    : No active profile set, falling back to default profiles: default
2017-08-29 11:07:18.301  INFO 12992 --- [restartedMain] ationConfigEmbeddedWebApplicationContext : Refreshing org.springframework.boot.context.embedded.AnnotationConfigEmbeddedWebApplicationContext@7d79e4f2: startup date [Tue Aug 29 11:07:18 CST 2017]; root of context hierarchy
2017-08-29 11:07:20.578  INFO 12992 --- [restartedMain] s.b.c.e.t.TomcatEmbeddedServletContainer : Tomcat initialized with port(s): 8443 (https) 8080 (http)
2017-08-29 11:07:20.601  INFO 12992 --- [restartedMain] o.apache.catalina.core.StandardService   : Starting service [Tomcat]
2017-08-29 11:07:20.603  INFO 12992 --- [restartedMain] org.apache.catalina.core.StandardEngine  : Starting Servlet Engine: Apache Tomcat/8.5.15
2017-08-29 11:07:20.701  INFO 12992 --- [localhost-startStop-1] o.a.c.c.C.[Tomcat].[localhost].[/]       : Initializing Spring embedded WebApplicationContext
2017-08-29 11:07:20.702  INFO 12992 --- [localhost-startStop-1] o.s.web.context.ContextLoader            : Root WebApplicationContext: initialization completed in 2404 ms
2017-08-29 11:07:20.900  INFO 12992 --- [localhost-startStop-1] o.s.b.w.servlet.ServletRegistrationBean  : Mapping servlet: 'dispatcherServlet' to [/]
2017-08-29 11:07:20.902  INFO 12992 --- [localhost-startStop-1] o.s.b.w.servlet.FilterRegistrationBean   : Mapping filter: 'characterEncodingFilter' to: [/*]
2017-08-29 11:07:20.903  INFO 12992 --- [localhost-startStop-1] o.s.b.w.servlet.FilterRegistrationBean   : Mapping filter: 'hiddenHttpMethodFilter' to: [/*]
2017-08-29 11:07:20.903  INFO 12992 --- [localhost-startStop-1] o.s.b.w.servlet.FilterRegistrationBean   : Mapping filter: 'httpPutFormContentFilter' to: [/*]
2017-08-29 11:07:20.903  INFO 12992 --- [localhost-startStop-1] o.s.b.w.servlet.FilterRegistrationBean   : Mapping filter: 'requestContextFilter' to: [/*]
2017-08-29 11:07:21.279  INFO 12992 --- [restartedMain] s.w.s.m.m.a.RequestMappingHandlerAdapter : Looking for @ControllerAdvice: org.springframework.boot.context.embedded.AnnotationConfigEmbeddedWebApplicationContext@7d79e4f2: startup date [Tue Aug 29 11:07:18 CST 2017]; root of context hierarchy
2017-08-29 11:07:21.364  INFO 12992 --- [restartedMain] s.w.s.m.m.a.RequestMappingHandlerMapping : Mapped "{[/]}" onto public java.lang.String com.example.demo.BootThymeleafDemoApplication.index(org.springframework.ui.Model)
2017-08-29 11:07:21.365  INFO 12992 --- [restartedMain] s.w.s.m.m.a.RequestMappingHandlerMapping : Mapped "{[/logger]}" onto public void com.example.demo.BootThymeleafDemoApplication.logger()
2017-08-29 11:07:21.366  INFO 12992 --- [restartedMain] s.w.s.m.m.a.RequestMappingHandlerMapping : Mapped "{[/JsonTest]}" onto public com.example.demo.bean.Person com.example.demo.BootThymeleafDemoApplication.getPerson()
2017-08-29 11:07:21.373  INFO 12992 --- [restartedMain] s.w.s.m.m.a.RequestMappingHandlerMapping : Mapped "{[/error]}" onto public org.springframework.http.ResponseEntity<java.util.Map<java.lang.String, java.lang.Object>> org.springframework.boot.autoconfigure.web.BasicErrorController.error(javax.servlet.http.HttpServletRequest)
2017-08-29 11:07:21.373  INFO 12992 --- [restartedMain] s.w.s.m.m.a.RequestMappingHandlerMapping : Mapped "{[/error],produces=[text/html]}" onto public org.springframework.web.servlet.ModelAndView org.springframework.boot.autoconfigure.web.BasicErrorController.errorHtml(javax.servlet.http.HttpServletRequest,javax.servlet.http.HttpServletResponse)
2017-08-29 11:07:21.396  INFO 12992 --- [restartedMain] o.s.w.s.handler.SimpleUrlHandlerMapping  : Mapped URL path [/test] onto handler of type [class org.springframework.web.servlet.mvc.ParameterizableViewController]
2017-08-29 11:07:21.416  INFO 12992 --- [restartedMain] o.s.w.s.handler.SimpleUrlHandlerMapping  : Mapped URL path [/webjars/**] onto handler of type [class org.springframework.web.servlet.resource.ResourceHttpRequestHandler]
2017-08-29 11:07:21.416  INFO 12992 --- [restartedMain] o.s.w.s.handler.SimpleUrlHandlerMapping  : Mapped URL path [/**] onto handler of type [class org.springframework.web.servlet.resource.ResourceHttpRequestHandler]
2017-08-29 11:07:21.466  INFO 12992 --- [restartedMain] o.s.w.s.handler.SimpleUrlHandlerMapping  : Mapped URL path [/**/favicon.ico] onto handler of type [class org.springframework.web.servlet.resource.ResourceHttpRequestHandler]
2017-08-29 11:07:21.751  INFO 12992 --- [restartedMain] oConfiguration$WelcomePageHandlerMapping : Adding welcome page: class path resource [static/index.html]
2017-08-29 11:07:21.853  INFO 12992 --- [restartedMain] o.s.b.d.a.OptionalLiveReloadServer       : LiveReload server is running on port 35729
2017-08-29 11:07:21.899  INFO 12992 --- [restartedMain] o.s.j.e.a.AnnotationMBeanExporter        : Registering beans for JMX exposure on startup
2017-08-29 11:07:22.332  INFO 12992 --- [restartedMain] s.b.c.e.t.TomcatEmbeddedServletContainer : Tomcat started on port(s): 8443 (https) 8080 (http)
2017-08-29 11:07:22.337  INFO 12992 --- [restartedMain] c.e.demo.BootThymeleafDemoApplication    : Started BootThymeleafDemoApplication in 4.738 seconds (JVM running for 5.582)
2017-08-29 11:08:44.498  INFO 9108 --- [restartedMain] c.e.demo.BootThymeleafDemoApplication    : Starting BootThymeleafDemoApplication on AGOE2345-311759 with PID 9108 (E:\IDEA_PROJECT\boot_thymeleaf_demo\build\classes\main started by Administrator in E:\IDEA_PROJECT\boot_thymeleaf_demo)
2017-08-29 11:08:44.500  INFO 9108 --- [restartedMain] c.e.demo.BootThymeleafDemoApplication    : No active profile set, falling back to default profiles: default
2017-08-29 11:08:45.015  INFO 9108 --- [restartedMain] ationConfigEmbeddedWebApplicationContext : Refreshing org.springframework.boot.context.embedded.AnnotationConfigEmbeddedWebApplicationContext@17732754: startup date [Tue Aug 29 11:08:45 CST 2017]; root of context hierarchy
2017-08-29 11:08:47.657  INFO 9108 --- [restartedMain] s.b.c.e.t.TomcatEmbeddedServletContainer : Tomcat initialized with port(s): 8443 (https) 8080 (http)
2017-08-29 11:08:47.672  INFO 9108 --- [restartedMain] o.apache.catalina.core.StandardService   : Starting service [Tomcat]
2017-08-29 11:08:47.673  INFO 9108 --- [restartedMain] org.apache.catalina.core.StandardEngine  : Starting Servlet Engine: Apache Tomcat/8.5.15
2017-08-29 11:08:47.778  INFO 9108 --- [localhost-startStop-1] o.a.c.c.C.[Tomcat].[localhost].[/]       : Initializing Spring embedded WebApplicationContext
2017-08-29 11:08:47.779  INFO 9108 --- [localhost-startStop-1] o.s.web.context.ContextLoader            : Root WebApplicationContext: initialization completed in 2772 ms
2017-08-29 11:08:48.017  INFO 9108 --- [localhost-startStop-1] o.s.b.w.servlet.ServletRegistrationBean  : Mapping servlet: 'dispatcherServlet' to [/]
2017-08-29 11:08:48.022  INFO 9108 --- [localhost-startStop-1] o.s.b.w.servlet.FilterRegistrationBean   : Mapping filter: 'characterEncodingFilter' to: [/*]
2017-08-29 11:08:48.023  INFO 9108 --- [localhost-startStop-1] o.s.b.w.servlet.FilterRegistrationBean   : Mapping filter: 'hiddenHttpMethodFilter' to: [/*]
2017-08-29 11:08:48.023  INFO 9108 --- [localhost-startStop-1] o.s.b.w.servlet.FilterRegistrationBean   : Mapping filter: 'httpPutFormContentFilter' to: [/*]
2017-08-29 11:08:48.024  INFO 9108 --- [localhost-startStop-1] o.s.b.w.servlet.FilterRegistrationBean   : Mapping filter: 'requestContextFilter' to: [/*]
2017-08-29 11:08:48.432  INFO 9108 --- [restartedMain] s.w.s.m.m.a.RequestMappingHandlerAdapter : Looking for @ControllerAdvice: org.springframework.boot.context.embedded.AnnotationConfigEmbeddedWebApplicationContext@17732754: startup date [Tue Aug 29 11:08:45 CST 2017]; root of context hierarchy
2017-08-29 11:08:48.514  INFO 9108 --- [restartedMain] s.w.s.m.m.a.RequestMappingHandlerMapping : Mapped "{[/]}" onto public java.lang.String com.example.demo.BootThymeleafDemoApplication.index(org.springframework.ui.Model)
2017-08-29 11:08:48.515  INFO 9108 --- [restartedMain] s.w.s.m.m.a.RequestMappingHandlerMapping : Mapped "{[/JsonTest]}" onto public com.example.demo.bean.Person com.example.demo.BootThymeleafDemoApplication.getPerson()
2017-08-29 11:08:48.516  INFO 9108 --- [restartedMain] s.w.s.m.m.a.RequestMappingHandlerMapping : Mapped "{[/logger]}" onto public void com.example.demo.BootThymeleafDemoApplication.logger()
2017-08-29 11:08:48.520  INFO 9108 --- [restartedMain] s.w.s.m.m.a.RequestMappingHandlerMapping : Mapped "{[/error]}" onto public org.springframework.http.ResponseEntity<java.util.Map<java.lang.String, java.lang.Object>> org.springframework.boot.autoconfigure.web.BasicErrorController.error(javax.servlet.http.HttpServletRequest)
2017-08-29 11:08:48.520  INFO 9108 --- [restartedMain] s.w.s.m.m.a.RequestMappingHandlerMapping : Mapped "{[/error],produces=[text/html]}" onto public org.springframework.web.servlet.ModelAndView org.springframework.boot.autoconfigure.web.BasicErrorController.errorHtml(javax.servlet.http.HttpServletRequest,javax.servlet.http.HttpServletResponse)
2017-08-29 11:08:48.559  INFO 9108 --- [restartedMain] o.s.w.s.handler.SimpleUrlHandlerMapping  : Mapped URL path [/test] onto handler of type [class org.springframework.web.servlet.mvc.ParameterizableViewController]
2017-08-29 11:08:48.581  INFO 9108 --- [restartedMain] o.s.w.s.handler.SimpleUrlHandlerMapping  : Mapped URL path [/webjars/**] onto handler of type [class org.springframework.web.servlet.resource.ResourceHttpRequestHandler]
2017-08-29 11:08:48.581  INFO 9108 --- [restartedMain] o.s.w.s.handler.SimpleUrlHandlerMapping  : Mapped URL path [/**] onto handler of type [class org.springframework.web.servlet.resource.ResourceHttpRequestHandler]
2017-08-29 11:08:48.640  INFO 9108 --- [restartedMain] o.s.w.s.handler.SimpleUrlHandlerMapping  : Mapped URL path [/**/favicon.ico] onto handler of type [class org.springframework.web.servlet.resource.ResourceHttpRequestHandler]
2017-08-29 11:08:48.996  INFO 9108 --- [restartedMain] oConfiguration$WelcomePageHandlerMapping : Adding welcome page: class path resource [static/index.html]
2017-08-29 11:08:49.160  INFO 9108 --- [restartedMain] o.s.b.d.a.OptionalLiveReloadServer       : LiveReload server is running on port 35729
2017-08-29 11:08:49.303  INFO 9108 --- [restartedMain] o.s.j.e.a.AnnotationMBeanExporter        : Registering beans for JMX exposure on startup
2017-08-29 11:08:49.793  INFO 9108 --- [restartedMain] s.b.c.e.t.TomcatEmbeddedServletContainer : Tomcat started on port(s): 8443 (https) 8080 (http)
2017-08-29 11:08:49.803  INFO 9108 --- [restartedMain] c.e.demo.BootThymeleafDemoApplication    : Started BootThymeleafDemoApplication in 5.828 seconds (JVM running for 6.964)
